15:01:09 Warning: QLayout: Attempting to add QLayout "" to MainWindow "", which already has a layout

15:01:09 Warning: QLayout: Attempting to add QLayout "" to MainWindow "", which already has a layout

15:01:09 Warning: QLayout: Attempting to add QLayout "" to MainWindow "", which already has a layout

15:01:09 Warning: QLayout: Attempting to add QLayout "" to MainWindow "", which already has a layout

15:01:09 Warning: QLayout: Attempting to add QLayout "" to MainWindow "", which already has a layout

15:01:09 Warning: QLayout: Attempting to add QLayout "" to MainWindow "", which already has a layout

15:01:09 Warning: QLayout: Attempting to add QLayout "" to MainWindow "", which already has a layout

15:01:09 Warning: QLayout: Attempting to add QLayout "" to MainWindow "", which already has a layout

15:01:09 Warning: QLayout: Attempting to add QLayout "" to MainWindow "", which already has a layout

15:01:09 POWER AMPLIFIER Initialization...

15:01:09 POWER AMPLIFIER Opened the serial port successfully.

15:01:10 Warning: POWER AMPLIFIER Failed to reset # 78 .

15:01:10 Warning: POWER AMPLIFIER Failed to open the serial port.

15:01:10 Warning: POWER AMPLIFIER Failed to reset # 60 .

15:01:10 POWER AMPLIFIER The name of the serial port was changed.

15:01:10 POWER AMPLIFIER Opened the serial port successfully.

15:01:10 POWER AMPLIFIER Successfully initialized.

15:01:10 POWER AMPLIFIER Connected to the port of  "COM11" .

15:01:48 POWER AMPLIFIER Opened the serial port successfully.

15:01:48 POWER AMPLIFIER Power amplifiers are closed.

