14:54:58 Warning: QLayout: Attempting to add QLayout "" to MainWindow "", which already has a layout

14:54:58 Warning: QLayout: Attempting to add QLayout "" to MainWindow "", which already has a layout

14:54:58 Warning: QLayout: Attempting to add QLayout "" to MainWindow "", which already has a layout

14:54:58 Warning: QLayout: Attempting to add QLayout "" to MainWindow "", which already has a layout

14:54:58 Warning: QLayout: Attempting to add QLayout "" to MainWindow "", which already has a layout

14:54:58 Warning: QLayout: Attempting to add QLayout "" to MainWindow "", which already has a layout

14:54:58 Warning: QLayout: Attempting to add QLayout "" to MainWindow "", which already has a layout

14:54:58 Warning: QLayout: Attempting to add QLayout "" to MainWindow "", which already has a layout

14:54:58 Warning: QLayout: Attempting to add QLayout "" to MainWindow "", which already has a layout

14:54:58 POWER AMPLIFIER Initialization...

14:54:58 POWER AMPLIFIER Opened the serial port successfully.

14:54:58 Warning: POWER AMPLIFIER Failed to reset # 114 .

14:54:58 Warning: POWER AMPLIFIER Failed to open the serial port.

14:54:58 Warning: POWER AMPLIFIER Failed to reset # 32 .

14:54:58 POWER AMPLIFIER The name of the serial port was changed.

14:54:58 POWER AMPLIFIER Opened the serial port successfully.

14:54:59 POWER AMPLIFIER Opened the serial port successfully.

14:54:59 POWER AMPLIFIER Opened the serial port successfully.

14:54:59 POWER AMPLIFIER Opened the serial port successfully.

14:54:59 POWER AMPLIFIER Opened the serial port successfully.

14:54:59 POWER AMPLIFIER Opened the serial port successfully.

14:54:59 POWER AMPLIFIER Opened the serial port successfully.

14:54:59 POWER AMPLIFIER Opened the serial port successfully.

14:55:00 Warning: POWER AMPLIFIER Failed to open the serial port.

14:55:00 POWER AMPLIFIER Opened the serial port successfully.

14:55:00 POWER AMPLIFIER Failed to initialize.

14:55:00 POWER AMPLIFIER Cannot find a serial port to connect.

14:55:02 POWER AMPLIFIER Power amplifiers are closed.

